mobileecloudapp/proguard.cfg
    # To enable ProGuard in your project, edit project.properties  
    # to define the proguard.config property as described in that file.  
    #  
    # Add project specific ProGuard rules here.  
    # By default, the flags in this file are appended to flags specified  
    # in ${sdk.dir}/tools/proguard/proguard-android.txt  
    # You can edit the include path and order by changing the ProGuard  
    # include property in project.properties.  
    #  
    # For more details, see  
    #   http://developer.android.com/guide/developing/tools/proguard.html  
      
    # Add any project specific keep options here:  
      
    # If your project uses WebView with JS, uncomment the following  
    # and specify the fully qualified class name to the JavaScript interface  
    # class:  
    #-keepclassmembers class fqcn.of.javascript.interface.for.webview {  
    #   public *;  
    #}  
    -optimizationpasses 5  
    -dontusemixedcaseclassnames  
    -dontskipnonpubliclibraryclasses  
    -dontpreverify  
    -verbose  
    -optimizations !code/simplification/arithmetic,!field/*,!class/merging/*  
      
    -keepattributes *Annotation*  
    -keepattributes Signature  
      
    -libraryjars libs/android-support-v4.jar  
   #-libraryjars libs/BestpaySDK.jar 
    -libraryjars libs/date4j.jar 
    -libraryjars libs/fastjson-1.1.37.jar  
    -libraryjars libs/okhttp-2.7.5.jar  
    -libraryjars libs/okio-1.4.0.jar  
    -libraryjars libs/okhttputils-2_3_9.jar 
    -libraryjars libs/gson-2.3.1.jar  
    -libraryjars libs/passguard.jar
    -libraryjars libs/BestpaySDK_V3.0.4.jar
   ##robo begin
    -libraryjars libs/roboguice-2.0.jar  
    -libraryjars libs/guice-4.0-beta-no_aop.jar
    -libraryjars libs/javax.inject-1.jar
    -libraryjars libs/jsr305-1.3.9.jar
   ##robo end 
    -libraryjars libs/umeng-analytics-v5.6.7.jar
    -libraryjars libs/android-support-v7-appcompat.jar
    -libraryjars libs/android-support-v7-recyclerview.jar
  #  -keep class com.bestpay.plugin.** { *; }   
    -keep class vi.com.gdi.bgl.android.**{*;}  
      
    -keep public class * extends android.app.Fragment    
    -keep public class * extends android.app.Activity  
    -keep public class * extends android.app.Application  
    -keep public class * extends android.app.Service  
    -keep public class * extends android.content.BroadcastReceiver  
    -keep public class * extends android.content.ContentProvider  
    -keep public class * extends android.app.backup.BackupAgentHelper  
    -keep public class * extends android.preference.Preference  
    -keep public class * extends android.support.v4.**  
    -keep public class * extends android.support.v7.** 
    -keep public class com.android.vending.licensing.ILicensingService  
      
    -keep class com.google.gson.stream.** { *; }  
    -keep class com.google.gson.examples.android.model.** { *; }  
    -keep class com.uuhelper.Application.** { *; }  
    -keep class net.sourceforge.zbar.** { *; }  
    -keep class com.google.android.gms.** { *; }   
    -keep class com.google.inject.** { *; }  
    -keep class com.google.inject.internal.** { *; } 
    -keep class javax.annotation.** { *; } 
    -keep class javax.inject.** { *; }  
    -keep class roboguice.** { *; } 
    -keep class roboguice.event.** { *; }   
    -keep class roboguice.service.** { *; }  
    -keep public class * extends com.j256.ormlite.android.apptools.OrmLiteSqliteOpenHelper  
    -keep public class * extends com.j256.ormlite.android.apptools.OpenHelperManager  
       
    -keep class com.android.vending.licensing.ILicensingService  
    -keep class android.support.v4.** { *; }    
    -keep class android.support.v7.** { *; } 
    -keep class org.apache.commons.net.** { *; }    
    -keep class com.tencent.** { *; }    
    -keep class com.umeng.analytics.** { *; }    
    -keep class android.support.v7.** { *; }  
    -keep class com.bestpay.** { *; } 
    -keep class cn.passguard.** { *; }     
    -keep class **.R$* {   *;  } 
-keepclassmembers class * {
   public <init> (org.json.JSONObject);
}

-keep public class com.ris.mobile.ecloud.R$*{
public static final int *;
}
-keepclassmembers enum * {
    public static **[] values();
    public static ** valueOf(java.lang.String);
}

-keep class com.alibaba.fastjson.** { *; }  
-keep class okio.** { *; } 
-keep class com.squareup.okhttp.** { *; } 
 -keep class com.zhy.http.okhttp.** { *; }   
 -keep class com.google.gson.** { *; }      
-dontwarn android.support.v4.**
-dontwarn com.alibaba.fastjson.**
-dontwarn com.google.gson.**
-dontwarn com.zhy.http.okhttp.**
-dontwarn okio.**
-dontwarn cn.passguard.**
-dontwarn com.bestpay.**
-dontwarn com.google.inject.**
-dontwarn com.google.inject.internal.**
-dontwarn javax.inject.**
-dontwarn javax.annotation.**
-dontwarn roboguice.**
-dontwarn roboguice.service.**
-dontwarn roboguice.event.**
-dontwarn com.squareup.okhttp.**
-dontwarn com.umeng.analytics.**
-dontwarn android.support.v7.**

-keep class android.support.v4.** {
    <fields>;
    <methods>;
}

-keep interface  android.support.v4.app.** {
    <fields>;
    <methods>;
}

-keep class android.support.v7.** {
    <fields>;
    <methods>;
}

-keep interface  android.support.v7.app.** {
    <fields>;
    <methods>;
}
#-keepnames class * implements java.io.Serializable  
  
-keep public class * implements java.io.Serializable {  
    public *;  
}  
      
    -dontwarn android.support.v4.**    
    -dontwarn org.apache.commons.net.**   
    -dontwarn com.tencent.**    
      
    -keepclasseswithmembernames class * {  
        native <methods>;  
    }  
      
    -keepclasseswithmembernames class * {  
        public <init>(android.content.Context, android.util.AttributeSet);  
    }  
      
    -keepclasseswithmembernames class * {  
        public <init>(android.content.Context, android.util.AttributeSet, int);  
    }  
      
    -keepclassmembers enum * {  
        public static **[] values();  
        public static ** valueOf(java.lang.String);  
    }  
      
    -keep class * implements android.os.Parcelable {  
      public static final android.os.Parcelable$Creator *;  
    }  
      
    -keepclasseswithmembers class * {  
        public <init>(android.content.Context);  
    }  
      
    -dontshrink  
    -dontoptimize  
    -dontwarn com.google.android.maps.**  
    -dontwarn android.webkit.WebView  
    -dontwarn com.umeng.**  
    -dontwarn com.tencent.weibo.sdk.**  
    -dontwarn com.facebook.**  
      
    -keep enum com.facebook.**  
    -keepattributes Exceptions,InnerClasses,Signature  
    -keepattributes *Annotation*  
    -keepattributes SourceFile,LineNumberTable  
      
    -keep public interface com.facebook.**  
    -keep public interface com.tencent.**  
    -keep public interface com.umeng.socialize.**  
    -keep public interface com.umeng.socialize.sensor.**  
    -keep public interface com.umeng.scrshot.**  
     -keep public interface android.support.v7.**    
    -keep public class com.umeng.socialize.* {*;}  
    -keep public class android.support.v7.* {*;} 
    -keep public class javax.**  
    -keep public class android.webkit.**  
      
    -keep class com.facebook.**  
    -keep class com.umeng.scrshot.**  
    -keep public class com.tencent.** {*;}  
    -keep class com.umeng.socialize.sensor.**  
      
    -keep class com.tencent.mm.sdk.openapi.WXMediaMessage {*;}  
      
    -keep class com.tencent.mm.sdk.openapi.** implements com.tencent.mm.sdk.openapi.WXMediaMessage$IMediaObject {*;}  
      
    -keep class im.yixin.sdk.api.YXMessage {*;}  
    -keep class im.yixin.sdk.api.** implements im.yixin.sdk.api.YXMessage$YXMessageData{*;}  
      
    -keep public class [your_pkg].R$*{  
        public static final int *;  
    }  