mobileecloudapp/proguard/seeds.txt
com.umeng.analytics.social.UMPlatformData$UMedia
com.umeng.analytics.social.UMPlatformData$UMedia: com.umeng.analytics.social.UMPlatformData$UMedia SINA_WEIBO
com.umeng.analytics.social.UMPlatformData$UMedia: com.umeng.analytics.social.UMPlatformData$UMedia TENCENT_WEIBO
com.umeng.analytics.social.UMPlatformData$UMedia: com.umeng.analytics.social.UMPlatformData$UMedia TENCENT_QZONE
com.umeng.analytics.social.UMPlatformData$UMedia: com.umeng.analytics.social.UMPlatformData$UMedia TENCENT_QQ
com.umeng.analytics.social.UMPlatformData$UMedia: com.umeng.analytics.social.UMPlatformData$UMedia WEIXIN_FRIENDS
com.umeng.analytics.social.UMPlatformData$UMedia: com.umeng.analytics.social.UMPlatformData$UMedia WEIXIN_CIRCLE
com.umeng.analytics.social.UMPlatformData$UMedia: com.umeng.analytics.social.UMPlatformData$UMedia RENREN
com.umeng.analytics.social.UMPlatformData$UMedia: com.umeng.analytics.social.UMPlatformData$UMedia DOUBAN
com.umeng.analytics.social.UMPlatformData$UMedia: com.umeng.analytics.social.UMPlatformData$UMedia[] a
com.umeng.analytics.social.UMPlatformData$UMedia: com.umeng.analytics.social.UMPlatformData$UMedia[] values()
com.umeng.analytics.social.UMPlatformData$UMedia: com.umeng.analytics.social.UMPlatformData$UMedia valueOf(java.lang.String)
com.umeng.analytics.social.UMPlatformData$UMedia: UMPlatformData$UMedia(java.lang.String,int)
com.umeng.analytics.social.UMPlatformData$UMedia$1
com.umeng.analytics.social.UMPlatformData$UMedia$1: UMPlatformData$UMedia$1(java.lang.String,int)
com.umeng.analytics.social.UMPlatformData$UMedia$1: java.lang.String toString()
com.umeng.analytics.social.UMPlatformData$UMedia$2
com.umeng.analytics.social.UMPlatformData$UMedia$2: UMPlatformData$UMedia$2(java.lang.String,int)
com.umeng.analytics.social.UMPlatformData$UMedia$2: java.lang.String toString()
com.umeng.analytics.social.UMPlatformData$UMedia$3
com.umeng.analytics.social.UMPlatformData$UMedia$3: UMPlatformData$UMedia$3(java.lang.String,int)
com.umeng.analytics.social.UMPlatformData$UMedia$3: java.lang.String toString()
com.umeng.analytics.social.UMPlatformData$UMedia$4
com.umeng.analytics.social.UMPlatformData$UMedia$4: UMPlatformData$UMedia$4(java.lang.String,int)
com.umeng.analytics.social.UMPlatformData$UMedia$4: java.lang.String toString()
com.umeng.analytics.social.UMPlatformData$UMedia$5
com.umeng.analytics.social.UMPlatformData$UMedia$5: UMPlatformData$UMedia$5(java.lang.String,int)
com.umeng.analytics.social.UMPlatformData$UMedia$5: java.lang.String toString()
com.umeng.analytics.social.UMPlatformData$UMedia$6
com.umeng.analytics.social.UMPlatformData$UMedia$6: UMPlatformData$UMedia$6(java.lang.String,int)
com.umeng.analytics.social.UMPlatformData$UMedia$6: java.lang.String toString()
com.umeng.analytics.social.UMPlatformData$UMedia$7
com.umeng.analytics.social.UMPlatformData$UMedia$7: UMPlatformData$UMedia$7(java.lang.String,int)
com.umeng.analytics.social.UMPlatformData$UMedia$7: java.lang.String toString()
com.umeng.analytics.social.UMPlatformData$UMedia$8
com.umeng.analytics.social.UMPlatformData$UMedia$8: UMPlatformData$UMedia$8(java.lang.String,int)
com.umeng.analytics.social.UMPlatformData$UMedia$8: java.lang.String toString()
com.umeng.analytics.social.UMSocialService
com.umeng.analytics.social.UMSocialService: UMSocialService()
com.umeng.analytics.social.UMSocialService: void a(android.content.Context,com.umeng.analytics.social.UMSocialService$b,java.lang.String,com.umeng.analytics.social.UMPlatformData[])
com.umeng.analytics.social.UMSocialService: void share(android.content.Context,java.lang.String,com.umeng.analytics.social.UMPlatformData[])
com.umeng.analytics.social.UMSocialService: void share(android.content.Context,com.umeng.analytics.social.UMPlatformData[])