mobileecloudapp/proguard/mapping.txt
u.aly.ap$e -> u.aly.ap$e:
    u.aly.ap$e a -> a
    java.util.Map b -> b
    short c -> c
    java.lang.String d -> d
    u.aly.ap$e[] e -> e
    43:43:u.aly.ap$e[] values() -> values
    43:43:u.aly.ap$e valueOf(java.lang.String) -> valueOf
    59:63:u.aly.ap$e a(int) -> a
    72:75:u.aly.ap$e b(int) -> b
    83:83:u.aly.ap$e a(java.lang.String) -> a
    95:95:short a() -> a
    99:99:java.lang.String b() -> b
u.aly.aq -> u.aly.aq:
    u.aly.dd d -> d
    u.aly.ct e -> e
    u.aly.ct f -> f
    java.util.Map g -> g
    java.lang.String a -> a
    java.lang.String b -> b
    java.util.Map c -> c
    146:146:u.aly.aq a() -> a
    151:153:void b() -> b
    156:156:java.lang.String c() -> c
    160:161:u.aly.aq a(java.lang.String) -> a
    165:166:void d() -> d
    173:173:boolean e() -> e
    177:180:void a(boolean) -> a
    183:183:java.lang.String f() -> f
    187:188:u.aly.aq b(java.lang.String) -> b
    192:193:void h() -> h
    200:200:boolean i() -> i
    204:207:void b(boolean) -> b
    210:210:u.aly.aq$e a(int) -> a
    214:215:void a(u.aly.cy) -> a
    218:219:void b(u.aly.cy) -> b
    223:243:java.lang.String toString() -> toString
    248:257:void j() -> j
    261:266:void a(java.io.ObjectOutputStream) -> a
    270:275:void a(java.io.ObjectInputStream) -> a
    21:21:u.aly.bz g() -> g
    21:21:u.aly.cg b(int) -> b
    21:21:u.aly.dd k() -> k
    21:21:u.aly.ct l() -> l
    21:21:u.aly.ct m() -> m
u.aly.aq$1 -> u.aly.v:
u.aly.aq$a -> u.aly.aq$a:
    288:321:void a(u.aly.cy,u.aly.aq) -> a
    325:340:void b(u.aly.cy,u.aly.aq) -> b
    283:283:void a(u.aly.cy,u.aly.bz) -> a
    283:283:void b(u.aly.cy,u.aly.bz) -> b
u.aly.aq$b -> u.aly.aq$b:
    279:279:u.aly.aq$a a() -> a
    277:277:u.aly.dg b() -> b
u.aly.aq$c -> u.aly.aq$c:
    355:358:void a(u.aly.cy,u.aly.aq) -> a
    363:368:void b(u.aly.cy,u.aly.aq) -> b
    350:350:void a(u.aly.cy,u.aly.bz) -> a
    350:350:void b(u.aly.cy,u.aly.bz) -> b
u.aly.aq$d -> u.aly.aq$d:
    346:346:u.aly.aq$c a() -> a
    344:344:u.aly.dg b() -> b
u.aly.aq$e -> u.aly.aq$e:
    u.aly.aq$e a -> a
    u.aly.aq$e b -> b
    java.util.Map c -> c
    short d -> d
    java.lang.String e -> e
    u.aly.aq$e[] f -> f
    45:45:u.aly.aq$e[] values() -> values
    45:45:u.aly.aq$e valueOf(java.lang.String) -> valueOf
    61:67:u.aly.aq$e a(int) -> a
    76:79:u.aly.aq$e b(int) -> b
    87:87:u.aly.aq$e a(java.lang.String) -> a
    99:99:short a() -> a
    103:103:java.lang.String b() -> b
u.aly.ar -> u.aly.ar:
    u.aly.dd m -> m
    u.aly.ct n -> n
    u.aly.ct o -> o
    u.aly.ct p -> p
    u.aly.ct q -> q
    u.aly.ct r -> r
    u.aly.ct s -> s
    u.aly.ct t -> t
    u.aly.ct u -> u
    u.aly.ct v -> v
    u.aly.ct w -> w
    u.aly.ct x -> x
    java.util.Map y -> y
    java.lang.String a -> a
    java.lang.String b -> b
    int c -> c
    java.lang.String d -> d
    u.aly.bm e -> e
    java.lang.String f -> f
    java.lang.String g -> g
    java.lang.String h -> h
    java.lang.String i -> i
    int j -> j
    java.lang.String k -> k
    int z -> z
    int A -> A
    byte B -> B
    u.aly.ar$e[] C -> C
    java.util.Map l -> l
    271:271:u.aly.ar a() -> a
    276:289:void b() -> b
    292:292:java.lang.String c() -> c
    296:297:u.aly.ar a(java.lang.String) -> a
    301:302:void d() -> d
    309:309:boolean e() -> e
    313:316:void a(boolean) -> a
    319:319:java.lang.String f() -> f
    323:324:u.aly.ar b(java.lang.String) -> b
    328:329:void h() -> h
    336:336:boolean i() -> i
    340:343:void b(boolean) -> b
    346:346:int j() -> j
    350:352:u.aly.ar a(int) -> a
    356:357:void k() -> k
    364:364:boolean l() -> l
    368:369:void c(boolean) -> c
    372:372:java.lang.String m() -> m
    376:377:u.aly.ar c(java.lang.String) -> c
    381:382:void n() -> n
    389:389:boolean o() -> o
    393:396:void d(boolean) -> d
    403:403:u.aly.bm p() -> p
    411:412:u.aly.ar a(u.aly.bm) -> a
    416:417:void q() -> q
    424:424:boolean r() -> r
u.aly.ar$1 -> u.aly.w: